  KamiChi2.cpp
C:\Git\KamiChi2\Project\KamiChi2\kAnimSet.h(35,1): warning C4267: 'return': conversion from 'size_t' to 'int', possible loss of data
C:\Git\KamiChi2\Project\KamiChi2\kAnimSet.h(58,1): warning C4267: '=': conversion from 'size_t' to 'int', possible loss of data
C:\Git\KamiChi2\Project\KamiChi2\kAnimSet.h(59,22): warning C4244: '=': conversion from 'unsigned __int64' to 'float', possible loss of data
C:\Git\KamiChi2\Project\KamiChi2\kObj.h(61,7): warning C4244: '=': conversion from 'int' to 'float', possible loss of data
C:\Git\KamiChi2\Project\KamiChi2\kObj.h(62,7): warning C4244: '=': conversion from 'int' to 'float', possible loss of data
C:\Git\KamiChi2\Project\KamiChi2\kObj.h(70,7): warning C4244: '=': conversion from 'int' to 'float', possible loss of data
C:\Git\KamiChi2\Project\KamiChi2\kObj.h(71,7): warning C4244: '=': conversion from 'int' to 'float', possible loss of data
C:\Git\KamiChi2\Project\KamiChi2\kObj.h(72,7): warning C4244: '=': conversion from 'int' to 'float', possible loss of data
C:\Git\KamiChi2\Project\KamiChi2\objLaserBolt.h(22,34): warning C4244: 'argument': conversion from 'float' to 'int', possible loss of data
C:\Git\KamiChi2\Project\KamiChi2\objLaserBolt.h(22,26): warning C4244: 'argument': conversion from 'float' to 'int', possible loss of data
C:\Git\KamiChi2\Project\KamiChi2\objPlayer.h(21,1): warning C4305: 'argument': truncation from 'double' to 'float'
C:\Git\KamiChi2\Project\KamiChi2\objPlayer.h(33,1): warning C4305: 'argument': truncation from 'double' to 'float'
C:\Git\KamiChi2\Project\KamiChi2\objPlayer.h(55,32): warning C4244: 'argument': conversion from 'float' to 'int', possible loss of data
  stateNormalMode.cpp
C:\Git\KamiChi2\Project\KamiChi2\objPlayer.h(55,20): warning C4244: 'argument': conversion from 'float' to 'int', possible loss of data
C:\Git\KamiChi2\Project\KamiChi2\kAnimSet.h(35,1): warning C4267: 'return': conversion from 'size_t' to 'int', possible loss of data
C:\Git\KamiChi2\Project\KamiChi2\kAnimSet.h(58,1): warning C4267: '=': conversion from 'size_t' to 'int', possible loss of data
C:\Git\KamiChi2\Project\KamiChi2\kAnimSet.h(59,22): warning C4244: '=': conversion from 'unsigned __int64' to 'float', possible loss of data
C:\Git\KamiChi2\Project\KamiChi2\kObj.h(61,7): warning C4244: '=': conversion from 'int' to 'float', possible loss of data
C:\Git\KamiChi2\Project\KamiChi2\kObj.h(62,7): warning C4244: '=': conversion from 'int' to 'float', possible loss of data
C:\Git\KamiChi2\Project\KamiChi2\kObj.h(70,7): warning C4244: '=': conversion from 'int' to 'float', possible loss of data
C:\Git\KamiChi2\Project\KamiChi2\kObj.h(71,7): warning C4244: '=': conversion from 'int' to 'float', possible loss of data
C:\Git\KamiChi2\Project\KamiChi2\kObj.h(72,7): warning C4244: '=': conversion from 'int' to 'float', possible loss of data
C:\Git\KamiChi2\Project\KamiChi2\objLaserBolt.h(22,34): warning C4244: 'argument': conversion from 'float' to 'int', possible loss of data
C:\Git\KamiChi2\Project\KamiChi2\objLaserBolt.h(22,26): warning C4244: 'argument': conversion from 'float' to 'int', possible loss of data
C:\Git\KamiChi2\Project\KamiChi2\objPlayer.h(21,1): warning C4305: 'argument': truncation from 'double' to 'float'
C:\Git\KamiChi2\Project\KamiChi2\objPlayer.h(33,1): warning C4305: 'argument': truncation from 'double' to 'float'
C:\Git\KamiChi2\Project\KamiChi2\objPlayer.h(55,32): warning C4244: 'argument': conversion from 'float' to 'int', possible loss of data
  Generating Code...
C:\Git\KamiChi2\Project\KamiChi2\objPlayer.h(55,20): warning C4244: 'argument': conversion from 'float' to 'int', possible loss of data
  KamiChi2.vcxproj -> C:\Git\KamiChi2\Project\KamiChi2\x64\Debug\KamiChi2.exe
