c:\git\kamichi2\project\kamichi2\x64\debug\vc142.pdb
c:\git\kamichi2\project\kamichi2\x64\debug\vc142.idb
c:\git\kamichi2\project\kamichi2\x64\debug\kimage.obj
c:\git\kamichi2\project\kamichi2\x64\debug\kfont.obj
c:\git\kamichi2\project\kamichi2\x64\debug\kamstars.obj
c:\git\kamichi2\project\kamichi2\x64\debug\kammenu.obj
c:\git\kamichi2\project\kamichi2\x64\debug\kamlogos.obj
c:\git\kamichi2\project\kamichi2\x64\debug\kamichi2.obj
c:\git\kamichi2\project\kamichi2\x64\debug\kamgame.obj
c:\git\kamichi2\project\kamichi2\x64\debug\kamcore.obj
c:\git\kamichi2\project\kamichi2\x64\debug\lodepng.obj
c:\git\kamichi2\project\kamichi2\x64\debug\levthewarbegins.obj
c:\git\kamichi2\project\kamichi2\x64\debug\kamstate.obj
c:\git\kamichi2\project\kamichi2\x64\debug\kamlevel.obj
c:\git\kamichi2\project\kamichi2\x64\debug\kamcampaign.obj
c:\git\kamichi2\project\kamichi2\x64\debug\statenormalmode.obj
c:\git\kamichi2\project\kamichi2\x64\debug\statelevelintro.obj
c:\git\kamichi2\project\kamichi2\x64\debug\ksoundsource.obj
c:\git\kamichi2\project\kamichi2\x64\debug\ksound.obj
c:\git\kamichi2\project\kamichi2\x64\debug\kamichi2.exe
c:\git\kamichi2\project\kamichi2\x64\debug\kamichi2.ilk
c:\git\kamichi2\project\kamichi2\x64\debug\kamichi2.pdb
c:\git\kamichi2\project\kamichi2\x64\debug\kamichi2.tlog\cl.command.1.tlog
c:\git\kamichi2\project\kamichi2\x64\debug\kamichi2.tlog\cl.read.1.tlog
c:\git\kamichi2\project\kamichi2\x64\debug\kamichi2.tlog\cl.write.1.tlog
c:\git\kamichi2\project\kamichi2\x64\debug\kamichi2.tlog\link.command.1.tlog
c:\git\kamichi2\project\kamichi2\x64\debug\kamichi2.tlog\link.read.1.tlog
c:\git\kamichi2\project\kamichi2\x64\debug\kamichi2.tlog\link.write.1.tlog
